UniPlugin-Android/app2/build/intermediates/manifest_merge_blame_file/debug/manifest-merger-blame-debug-report.txt
1<?xml version="1.0" encoding="utf-8"?>
2<manifest xmlns:android="http://schemas.android.com/apk/res/android"
3    package="com.HBuilder.UniPlugin"
4    android:versionCode="1"
5    android:versionName="1.0" >
6
7    <uses-sdk
8        android:minSdkVersion="21"
8-->src/main/AndroidManifest.xml
9        android:targetSdkVersion="26" />
9-->src/main/AndroidManifest.xml
10
11    <supports-screens
11-->src/main/AndroidManifest.xml:5:5-10:39
12        android:anyDensity="true"
12-->src/main/AndroidManifest.xml:6:9-34
13        android:largeScreens="true"
13-->src/main/AndroidManifest.xml:7:9-36
14        android:normalScreens="true"
14-->src/main/AndroidManifest.xml:8:9-37
15        android:resizeable="true"
15-->src/main/AndroidManifest.xml:9:9-34
16        android:smallScreens="true" />
16-->src/main/AndroidManifest.xml:10:9-36
17
18    <!-- Barcode(二维码)  begin -->
19    <uses-permission android:name="android.permission.CAMERA" />
19-->src/main/AndroidManifest.xml:13:5-65
19-->src/main/AndroidManifest.xml:13:22-62
20    <uses-permission android:name="android.permission.WRITE_EXTERNAL_STORAGE" />
20-->src/main/AndroidManifest.xml:14:5-81
20-->src/main/AndroidManifest.xml:14:22-78
21
22    <uses-feature android:name="android.hardware.camera" />
22-->src/main/AndroidManifest.xml:16:5-60
22-->src/main/AndroidManifest.xml:16:19-57
23    <uses-feature android:name="android.hardware.camera.autofocus" />
23-->src/main/AndroidManifest.xml:17:5-70
23-->src/main/AndroidManifest.xml:17:19-67
24
25    <uses-permission android:name="android.permission.VIBRATE" />
25-->src/main/AndroidManifest.xml:19:5-66
25-->src/main/AndroidManifest.xml:19:22-63
26    <uses-permission android:name="android.permission.FLASHLIGHT" />
26-->src/main/AndroidManifest.xml:20:5-69
26-->src/main/AndroidManifest.xml:20:22-66
27    <uses-permission android:name="android.permission.INTERNET" />
27-->[lib.5plus.base-release.aar] AndroidManifest.xml:17:5-67
27-->[lib.5plus.base-release.aar] AndroidManifest.xml:17:22-64
28    <uses-permission android:name="android.permission.ACCESS_NETWORK_STATE" />
28-->[lib.5plus.base-release.aar] AndroidManifest.xml:18:5-79
28-->[lib.5plus.base-release.aar] AndroidManifest.xml:18:22-76
29    <!--
30    <uses-permission
31        android:name="com.android.launcher.permission.UNINSTALL_SHORTCUT" />
32    -->
33    <!-- 华为修改角标需要设置权限 -->
34    <uses-permission android:name="com.huawei.android.launcher.permission.CHANGE_BADGE" /> <!-- vivo 修改角标需要设置权限 -->
34-->[lib.5plus.base-release.aar] AndroidManifest.xml:24:5-91
34-->[lib.5plus.base-release.aar] AndroidManifest.xml:24:22-88
35    <uses-permission android:name="com.vivo.notification.permission.BADGE_ICON" />
35-->[lib.5plus.base-release.aar] AndroidManifest.xml:26:5-83
35-->[lib.5plus.base-release.aar] AndroidManifest.xml:26:22-80
36
37    <queries>
37-->[lib.5plus.base-release.aar] AndroidManifest.xml:28:5-32:15
38        <intent>
38-->[lib.5plus.base-release.aar] AndroidManifest.xml:29:9-31:18
39            <action android:name="android.intent.action.MAIN" />
39-->src/main/AndroidManifest.xml:53:17-69
39-->src/main/AndroidManifest.xml:53:25-66
40        </intent>
41    </queries>
42
43    <uses-permission android:name="android.permission.READ_EXTERNAL_STORAGE" />
44    <uses-permission android:name="com.asus.msa.SupplementaryDID.ACCESS" />
44-->[oaid_sdk_1.0.25.aar] AndroidManifest.xml:13:5-76
44-->[oaid_sdk_1.0.25.aar] AndroidManifest.xml:13:22-73
45    <uses-permission android:name="freemme.permission.msa" />
45-->[oaid_sdk_1.0.25.aar] AndroidManifest.xml:15:5-62
45-->[oaid_sdk_1.0.25.aar] AndroidManifest.xml:15:22-59
46    <uses-permission android:name="android.permission.ACCESS_WIFI_STATE" />
46-->[com.growingio.android:vds-android-agent:track-2.8.25] AndroidManifest.xml:6:5-75
46-->[com.growingio.android:vds-android-agent:track-2.8.25] AndroidManifest.xml:6:22-73
47    <uses-permission android:name="android.permission.READ_PHONE_STATE" /> <!-- Barcode(二维码)  end -->
47-->[com.growingio.android:vds-android-agent:track-2.8.25] AndroidManifest.xml:7:5-75
47-->[com.growingio.android:vds-android-agent:track-2.8.25] AndroidManifest.xml:7:22-72
48    <application
48-->src/main/AndroidManifest.xml:23:5-105:19
49        android:name="io.dcloud.application.DCloudApplication"
49-->src/main/AndroidManifest.xml:24:9-63
50        android:allowBackup="true"
50-->src/main/AndroidManifest.xml:25:9-35
51        android:allowClearUserData="true"
51-->src/main/AndroidManifest.xml:26:9-42
52        android:appComponentFactory="android.support.v4.app.CoreComponentFactory"
52-->[com.android.support:support-compat:28.0.0] AndroidManifest.xml:22:18-91
53        android:debuggable="true"
53-->src/main/AndroidManifest.xml:27:9-34
54        android:icon="@drawable/icon"
54-->src/main/AndroidManifest.xml:28:9-38
55        android:label="@string/app_name"
55-->src/main/AndroidManifest.xml:29:9-41
56        android:largeHeap="true"
56-->src/main/AndroidManifest.xml:30:9-33
57        android:supportsRtl="true"
57-->src/main/AndroidManifest.xml:31:9-35
58        android:testOnly="true"
59        android:usesCleartextTraffic="true" >
59-->[lib.5plus.base-release.aar] AndroidManifest.xml:167:9-44
60
61        <!-- 应用入口 -->
62        <activity
62-->src/main/AndroidManifest.xml:34:9-56:20
63            android:name="io.dcloud.PandoraEntry"
63-->src/main/AndroidManifest.xml:35:13-50
64            android:configChanges="orientation|keyboardHidden|screenSize|mcc|mnc|fontScale"
64-->src/main/AndroidManifest.xml:36:13-92
65            android:hardwareAccelerated="true"
65-->src/main/AndroidManifest.xml:37:13-47
66            android:theme="@style/TranslucentTheme"
66-->src/main/AndroidManifest.xml:38:13-52
67            android:windowSoftInputMode="adjustResize" >
67-->src/main/AndroidManifest.xml:39:13-55
68            <intent-filter>
68-->src/main/AndroidManifest.xml:40:13-46:29
69                <data android:scheme="hbuilder" />
69-->src/main/AndroidManifest.xml:41:17-51
69-->src/main/AndroidManifest.xml:41:23-48
70
71                <action android:name="android.intent.action.VIEW" />
71-->src/main/AndroidManifest.xml:42:17-69
71-->src/main/AndroidManifest.xml:42:25-66
72
73                <category android:name="android.intent.category.DEFAULT" />
73-->src/main/AndroidManifest.xml:44:17-76
73-->src/main/AndroidManifest.xml:44:27-73
74                <category android:name="android.intent.category.BROWSABLE" />
74-->src/main/AndroidManifest.xml:45:17-78
74-->src/main/AndroidManifest.xml:45:27-75
75            </intent-filter>
76            <intent-filter>
76-->src/main/AndroidManifest.xml:47:13-51:29
77                <data android:mimeType="image/*" />
77-->src/main/AndroidManifest.xml:41:17-51
77-->src/main/AndroidManifest.xml:48:23-49
78
79                <action android:name="android.intent.action.SEND" />
79-->src/main/AndroidManifest.xml:49:17-69
79-->src/main/AndroidManifest.xml:49:25-66
80
81                <category android:name="android.intent.category.DEFAULT" />
81-->src/main/AndroidManifest.xml:44:17-76
81-->src/main/AndroidManifest.xml:44:27-73
82            </intent-filter>
83            <intent-filter>
83-->src/main/AndroidManifest.xml:52:13-55:29
84                <action android:name="android.intent.action.MAIN" />
84-->src/main/AndroidManifest.xml:53:17-69
84-->src/main/AndroidManifest.xml:53:25-66
85
86                <category android:name="android.intent.category.LAUNCHER" />
86-->src/main/AndroidManifest.xml:54:17-77
86-->src/main/AndroidManifest.xml:54:27-74
87            </intent-filter>
88        </activity>
89
90        <meta-data
90-->src/main/AndroidManifest.xml:57:9-59:36
91            android:name="dcloud_uninview_background"
91-->src/main/AndroidManifest.xml:58:13-54
92            android:value="true" />
92-->src/main/AndroidManifest.xml:59:13-33
93
94        <!-- growingIO 配置设置开始 -->
95        <meta-data
95-->src/main/AndroidManifest.xml:62:9-64:48
96            android:name="growing_android_account_id"
96-->src/main/AndroidManifest.xml:63:13-54
97            android:value="9a7f70313f66fb62" />
97-->src/main/AndroidManifest.xml:64:13-45
98        <meta-data
98-->src/main/AndroidManifest.xml:66:9-68:56
99            android:name="growing_android_url_scheme"
99-->src/main/AndroidManifest.xml:67:13-54
100            android:value="growing.4cf6e0a04c6a7b10" />
100-->src/main/AndroidManifest.xml:68:13-53
101        <meta-data
101-->src/main/AndroidManifest.xml:70:9-72:36
102            android:name="growing_android_debug"
102-->src/main/AndroidManifest.xml:71:13-49
103            android:value="true" />
103-->src/main/AndroidManifest.xml:72:13-33
104
105        <!-- growingIO 配置设置结束 -->
106
107        <activity
107-->src/main/AndroidManifest.xml:76:9-95:20
108            android:name="io.dcloud.PandoraEntryActivity"
108-->src/main/AndroidManifest.xml:77:13-58
109            android:configChanges="orientation|keyboardHidden|screenSize|mcc|mnc|fontScale|keyboard"
109-->src/main/AndroidManifest.xml:78:13-101
110            android:hardwareAccelerated="true"
110-->src/main/AndroidManifest.xml:79:13-47
111            android:launchMode="singleTask"
111-->src/main/AndroidManifest.xml:80:13-44
112            android:permission="com.miui.securitycenter.permission.AppPermissionsEditor"
112-->src/main/AndroidManifest.xml:81:13-89
113            android:screenOrientation="user"
113-->src/main/AndroidManifest.xml:82:13-45
114            android:theme="@style/DCloudTheme"
114-->src/main/AndroidManifest.xml:83:13-47
115            android:windowSoftInputMode="adjustResize" >
115-->src/main/AndroidManifest.xml:84:13-55
116            <intent-filter>
116-->src/main/AndroidManifest.xml:85:13-94:29
117                <category android:name="android.intent.category.DEFAULT" />
117-->src/main/AndroidManifest.xml:44:17-76
117-->src/main/AndroidManifest.xml:44:27-73
118                <category android:name="android.intent.category.BROWSABLE" />
118-->src/main/AndroidManifest.xml:45:17-78
118-->src/main/AndroidManifest.xml:45:27-75
119
120                <action android:name="android.intent.action.VIEW" />
120-->src/main/AndroidManifest.xml:42:17-69
120-->src/main/AndroidManifest.xml:42:25-66
121
122                <data android:scheme="h56131bcf" />
122-->src/main/AndroidManifest.xml:41:17-51
122-->src/main/AndroidManifest.xml:41:23-48
123            </intent-filter>
124        </activity>
125
126        <provider
126-->src/main/AndroidManifest.xml:96:9-104:20
127            android:name="io.dcloud.common.util.DCloud_FileProvider"
127-->src/main/AndroidManifest.xml:97:13-69
128            android:authorities="com.HBuilder.UniPlugin.dc.fileprovider"
128-->src/main/AndroidManifest.xml:98:13-73
129            android:exported="false"
129-->src/main/AndroidManifest.xml:99:13-37
130            android:grantUriPermissions="true" >
130-->src/main/AndroidManifest.xml:100:13-47
131            <meta-data
131-->src/main/AndroidManifest.xml:101:13-103:64
132                android:name="android.support.FILE_PROVIDER_PATHS"
132-->src/main/AndroidManifest.xml:102:17-67
133                android:resource="@xml/dcloud_file_provider" />
133-->src/main/AndroidManifest.xml:103:17-61
134        </provider>
135
136        <service
136-->[lib.5plus.base-release.aar] AndroidManifest.xml:168:9-170:40
137            android:name="io.dcloud.common.adapter.io.MiniServerService"
137-->[lib.5plus.base-release.aar] AndroidManifest.xml:169:13-73
138            android:exported="false" />
138-->[lib.5plus.base-release.aar] AndroidManifest.xml:170:13-37
139
140        <receiver
140-->[lib.5plus.base-release.aar] AndroidManifest.xml:172:9-178:20
141            android:name="io.dcloud.common.adapter.io.PushReceiver"
141-->[lib.5plus.base-release.aar] AndroidManifest.xml:173:13-68
142            android:exported="false" >
142-->[lib.5plus.base-release.aar] AndroidManifest.xml:174:13-37
143            <intent-filter>
143-->[lib.5plus.base-release.aar] AndroidManifest.xml:175:13-177:29
144                <action android:name="dcloud.push.broswer" />
144-->[lib.5plus.base-release.aar] AndroidManifest.xml:176:17-62
144-->[lib.5plus.base-release.aar] AndroidManifest.xml:176:25-59
145            </intent-filter>
146        </receiver>
147
148        <activity
148-->[lib.5plus.base-release.aar] AndroidManifest.xml:180:9-183:40
149            android:name="io.dcloud.imagepick.CustomGalleryActivity"
149-->[lib.5plus.base-release.aar] AndroidManifest.xml:181:13-69
150            android:exported="false"
150-->[lib.5plus.base-release.aar] AndroidManifest.xml:182:13-37
151            android:noHistory="true" />
151-->[lib.5plus.base-release.aar] AndroidManifest.xml:183:13-37
152        <activity
152-->[lib.5plus.base-release.aar] AndroidManifest.xml:184:9-188:58
153            android:name="io.dcloud.feature.nativeObj.photoview.PhotoActivity"
153-->[lib.5plus.base-release.aar] AndroidManifest.xml:185:13-79
154            android:exported="false"
154-->[lib.5plus.base-release.aar] AndroidManifest.xml:186:13-37
155            android:noHistory="false"
155-->[lib.5plus.base-release.aar] AndroidManifest.xml:187:13-38
156            android:theme="@style/DeviceDefault.Light" />
156-->[lib.5plus.base-release.aar] AndroidManifest.xml:188:13-55
157        <activity
157-->[lib.5plus.base-release.aar] AndroidManifest.xml:189:9-199:58
158            android:name="io.dcloud.WebAppActivity"
158-->[lib.5plus.base-release.aar] AndroidManifest.xml:190:13-52
159            android:configChanges="orientation|keyboardHidden|screenSize|mcc|mnc|fontScale"
159-->[lib.5plus.base-release.aar] AndroidManifest.xml:191:13-92
160            android:hardwareAccelerated="true"
160-->[lib.5plus.base-release.aar] AndroidManifest.xml:192:13-47
161            android:icon="@drawable/dcloud_recent"
161-->[lib.5plus.base-release.aar] AndroidManifest.xml:193:13-51
162            android:label="@string/stream_my"
162-->[lib.5plus.base-release.aar] AndroidManifest.xml:194:13-46
163            android:launchMode="singleTask"
163-->[lib.5plus.base-release.aar] AndroidManifest.xml:195:13-44
164            android:screenOrientation="portrait"
164-->[lib.5plus.base-release.aar] AndroidManifest.xml:196:13-49
165            android:taskAffinity=":stream"
165-->[lib.5plus.base-release.aar] AndroidManifest.xml:197:13-43
166            android:theme="@style/DCloudTheme"
166-->[lib.5plus.base-release.aar] AndroidManifest.xml:198:13-47
167            android:windowSoftInputMode="adjustResize" />
167-->[lib.5plus.base-release.aar] AndroidManifest.xml:199:13-55
168        <activity
168-->[lib.5plus.base-release.aar] AndroidManifest.xml:200:9-206:75
169            android:name="io.dcloud.ProcessMediator"
169-->[lib.5plus.base-release.aar] AndroidManifest.xml:201:13-53
170            android:excludeFromRecents="true"
170-->[lib.5plus.base-release.aar] AndroidManifest.xml:202:13-46
171            android:exported="false"
171-->[lib.5plus.base-release.aar] AndroidManifest.xml:203:13-37
172            android:label="@string/app_name"
172-->[lib.5plus.base-release.aar] AndroidManifest.xml:204:13-45
173            android:launchMode="singleTop"
173-->[lib.5plus.base-release.aar] AndroidManifest.xml:205:13-43
174            android:theme="@android:style/Theme.Translucent.NoTitleBar" />
174-->[lib.5plus.base-release.aar] AndroidManifest.xml:206:13-72
175        <activity
175-->[lib.5plus.base-release.aar] AndroidManifest.xml:207:9-213:20
176            android:name="io.dcloud.WebviewActivity"
176-->[lib.5plus.base-release.aar] AndroidManifest.xml:208:13-53
177            android:exported="false"
177-->[lib.5plus.base-release.aar] AndroidManifest.xml:209:13-37
178            android:screenOrientation="portrait"
178-->[lib.5plus.base-release.aar] AndroidManifest.xml:210:13-49
179            android:theme="@style/ThemeNoTitleBar"
179-->[lib.5plus.base-release.aar] AndroidManifest.xml:211:13-51
180            android:windowSoftInputMode="adjustPan" >
180-->[lib.5plus.base-release.aar] AndroidManifest.xml:212:13-52
181        </activity>
182
183        <receiver
183-->[lib.5plus.base-release.aar] AndroidManifest.xml:215:9-226:20
184            android:name="io.dcloud.common.adapter.io.DownloadReceiver"
184-->[lib.5plus.base-release.aar] AndroidManifest.xml:216:13-72
185            android:exported="false" >
185-->[lib.5plus.base-release.aar] AndroidManifest.xml:217:13-37
186            <intent-filter>
186-->[lib.5plus.base-release.aar] AndroidManifest.xml:218:13-220:29
187                <action android:name="android.intent.action.DOWNLOAD_COMPLETE" />
187-->[lib.5plus.base-release.aar] AndroidManifest.xml:219:17-82
187-->[lib.5plus.base-release.aar] AndroidManifest.xml:219:25-79
188            </intent-filter>
189            <intent-filter>
189-->[lib.5plus.base-release.aar] AndroidManifest.xml:221:13-225:29
190                <action android:name="android.intent.action.PACKAGE_ADDED" />
190-->[lib.5plus.base-release.aar] AndroidManifest.xml:222:17-78
190-->[lib.5plus.base-release.aar] AndroidManifest.xml:222:25-75
191
192                <data android:scheme="package" /> <!-- HERE! -->
192-->src/main/AndroidManifest.xml:41:17-51
192-->src/main/AndroidManifest.xml:41:23-48
193            </intent-filter>
194        </receiver> <!-- gallery******start -->
195        <activity
195-->[lib.5plus.base-release.aar] AndroidManifest.xml:229:9-233:63
196            android:name="com.dmcbig.mediapicker.PickerActivity"
196-->[lib.5plus.base-release.aar] AndroidManifest.xml:230:13-65
197            android:configChanges="orientation|screenSize"
197-->[lib.5plus.base-release.aar] AndroidManifest.xml:231:13-59
198            android:theme="@style/DeviceDefault.Light"
198-->[lib.5plus.base-release.aar] AndroidManifest.xml:232:13-55
199            android:windowSoftInputMode="stateAlwaysHidden" />
199-->[lib.5plus.base-release.aar] AndroidManifest.xml:233:13-60
200        <activity
200-->[lib.5plus.base-release.aar] AndroidManifest.xml:234:9-238:63
201            android:name="com.dmcbig.mediapicker.PreviewActivity"
201-->[lib.5plus.base-release.aar] AndroidManifest.xml:235:13-66
202            android:configChanges="orientation|screenSize"
202-->[lib.5plus.base-release.aar] AndroidManifest.xml:236:13-59
203            android:theme="@style/DeviceDefault.Light"
203-->[lib.5plus.base-release.aar] AndroidManifest.xml:237:13-55
204            android:windowSoftInputMode="stateAlwaysHidden" /> <!-- gallery******end -->
204-->[lib.5plus.base-release.aar] AndroidManifest.xml:238:13-60
205        <!--
206        <provider
207            android:name="io.dcloud.common.util.DCloud_FileProvider"
208            android:authorities="${apk.applicationId}.dc.fileprovider"
209            android:exported="false"
210            android:grantUriPermissions="true">
211            <meta-data
212                android:name="android.support.FILE_PROVIDER_PATHS"
213                android:resource="@xml/dcloud_file_provider" />
214        </provider>
215        -->
216        <!--
217            <meta-data
218            android:name="DCLOUD_STREAMAPP_CHANNEL"
219            android:value="io.dcloud.%APPID%|%APPID%|" />
220        -->
221        <meta-data
221-->[lib.5plus.base-release.aar] AndroidManifest.xml:259:9-261:35
222            android:name="android.max_aspect"
222-->[lib.5plus.base-release.aar] AndroidManifest.xml:260:13-46
223            android:value="2.4" />
223-->[lib.5plus.base-release.aar] AndroidManifest.xml:261:13-32
224
225        <receiver
225-->[uniapp-v8-release.aar] AndroidManifest.xml:30:9-34:20
226            android:name="com.taobao.weex.WXGlobalEventReceiver"
226-->[uniapp-v8-release.aar] AndroidManifest.xml:31:13-65
227            android:enabled="true"
227-->[uniapp-v8-release.aar] AndroidManifest.xml:32:13-35
228            android:exported="false" >
228-->[uniapp-v8-release.aar] AndroidManifest.xml:33:13-37
229        </receiver>
230
231        <provider
231-->[com.growingio.android:vds-android-agent:track-2.8.25] AndroidManifest.xml:10:9-12:92
232            android:name="com.growingio.android.sdk.collection.GrowingIOSettingsProvider"
232-->[com.growingio.android:vds-android-agent:track-2.8.25] AndroidManifest.xml:12:13-90
233            android:authorities="com.HBuilder.UniPlugin.GrowingIOSettingsProvider" />
233-->[com.growingio.android:vds-android-agent:track-2.8.25] AndroidManifest.xml:11:13-77
234    </application>
235
236</manifest>